<?xml version="1.0" encoding="UTF-8"?>
<!-- Generated by org.testng.reporters.JUnitReportReporter -->
<testsuite hostname="DELL-PC" failures="0" tests="1" name="TestPage.SwagLabsTest" time="8.169" errors="0" timestamp="2023-07-09T20:38:47 IST" skipped="0">
  <testcase classname="TestPage.SwagLabsTest" name="Swag_Labs" time="8.169"/>
  <system-out/>
</testsuite> <!-- TestPage.SwagLabsTest -->
