<?xml version="1.0" encoding="UTF-8"?>
<!-- Generated by org.testng.reporters.JUnitReportReporter -->
<testsuite hostname="DELL-PC" failures="0" tests="1" name="TestPage.LoginTest" time="7.022" errors="0" timestamp="2023-07-09T20:21:56 IST" skipped="0">
  <testcase classname="TestPage.LoginTest" name="loginWithValidCredential" time="7.022"/>
  <system-out/>
</testsuite> <!-- TestPage.LoginTest -->
